[1.438s] [34mcolcon[0m [1;30mDEBUG[0m [32mCommand line arguments: ['/usr/bin/colcon', 'build', '--packages-select', 'traffic_light_interfaces'][0m
[1.439s] [34mcolcon[0m [1;30mDEBUG[0m [32mParsed command line arguments: Namespace(allow_overriding=[], ament_cmake_args=None, base_paths=['.'], build_base='build', catkin_cmake_args=None, catkin_skip_building_tests=False, cmake_args=None, cmake_clean_cache=False, cmake_clean_first=False, cmake_force_configure=False, cmake_target=None, cmake_target_skip_unavailable=False, continue_on_error=False, event_handlers=None, executor='parallel', ignore_user_meta=False, install_base='install', log_base=None, log_level=None, main=<bound method BuildVerb.main of <colcon_core.verb.build.BuildVerb object at 0x7f0b6781aeb0>>, merge_install=False, metas=['./colcon.meta'], packages_above=None, packages_above_and_dependencies=None, packages_above_depth=None, packages_end=None, packages_ignore=None, packages_ignore_regex=None, packages_select=['traffic_light_interfaces'], packages_select_build_failed=False, packages_select_by_dep=None, packages_select_regex=None, packages_select_test_failures=False, packages_skip=None, packages_skip_build_finished=False, packages_skip_by_dep=None, packages_skip_regex=None, packages_skip_test_passed=False, packages_skip_up_to=None, packages_start=None, packages_up_to=None, packages_up_to_regex=None, parallel_workers=2, paths=None, symlink_install=False, test_result_base=None, verb_extension=<colcon_core.verb.build.BuildVerb object at 0x7f0b6781aeb0>, verb_name='build', verb_parser=<colcon_defaults.argument_parser.defaults.DefaultArgumentsDecorator object at 0x7f0b67825460>)[0m
[1.631s] [34mcolcon.colcon_core.package_discovery[0m [1;30mLevel 1[0m discover_packages(colcon_meta) check parameters
[1.633s] [34mcolcon.colcon_core.package_discovery[0m [1;30mLevel 1[0m discover_packages(recursive) check parameters
[1.635s] [34mcolcon.colcon_core.package_discovery[0m [1;30mLevel 1[0m discover_packages(ignore) check parameters
[1.636s] [34mcolcon.colcon_core.package_discovery[0m [1;30mLevel 1[0m discover_packages(path) check parameters
[1.638s] [34mcolcon.colcon_core.package_discovery[0m [1;30mLevel 1[0m discover_packages(colcon_meta) discover
[1.639s] [34mcolcon.colcon_core.package_discovery[0m [1;30mLevel 1[0m discover_packages(recursive) discover
[1.640s] [34mcolcon.colcon_core.package_discovery[0m [1;30mINFO[0m Crawling recursively for packages in '/root/rootfs/ros2_ws/src'
[1.646s] [34mcolcon.colcon_core.package_identification[0m [1;30mLevel 1[0m _identify(.) by extensions ['ignore', 'ignore_ament_install']
[1.648s] [34mcolcon.colcon_core.package_identification[0m [1;30mLevel 1[0m _identify(.) by extension 'ignore'
[1.651s] [34mcolcon.colcon_core.package_identification[0m [1;30mLevel 1[0m _identify(.) by extension 'ignore_ament_install'
[1.654s] [34mcolcon.colcon_core.package_identification[0m [1;30mLevel 1[0m _identify(.) by extensions ['colcon_pkg']
[1.655s] [34mcolcon.colcon_core.package_identification[0m [1;30mLevel 1[0m _identify(.) by extension 'colcon_pkg'
[1.658s] [34mcolcon.colcon_core.package_identification[0m [1;30mLevel 1[0m _identify(.) by extensions ['colcon_meta']
[1.659s] [34mcolcon.colcon_core.package_identification[0m [1;30mLevel 1[0m _identify(.) by extension 'colcon_meta'
[1.661s] [34mcolcon.colcon_core.package_identification[0m [1;30mLevel 1[0m _identify(.) by extensions ['ros']
[1.662s] [34mcolcon.colcon_core.package_identification[0m [1;30mLevel 1[0m _identify(.) by extension 'ros'
[1.776s] [34mcolcon.colcon_core.package_identification[0m [1;30mLevel 1[0m _identify(.) by extensions ['cmake', 'python']
[1.777s] [34mcolcon.colcon_core.package_identification[0m [1;30mLevel 1[0m _identify(.) by extension 'cmake'
[1.779s] [34mcolcon.colcon_core.package_identification[0m [1;30mLevel 1[0m _identify(.) by extension 'python'
[1.781s] [34mcolcon.colcon_core.package_identification[0m [1;30mLevel 1[0m _identify(.) by extensions ['python_setup_py']
[1.782s] [34mcolcon.colcon_core.package_identification[0m [1;30mLevel 1[0m _identify(.) by extension 'python_setup_py'
[1.791s] [34mcolcon.colcon_core.package_identification[0m [1;30mLevel 1[0m _identify(build) by extensions ['ignore', 'ignore_ament_install']
[1.792s] [34mcolcon.colcon_core.package_identification[0m [1;30mLevel 1[0m _identify(build) by extension 'ignore'
[1.793s] [34mcolcon.colcon_core.package_identification[0m [1;30mLevel 1[0m _identify(build) ignored
[1.798s] [34mcolcon.colcon_core.package_identification[0m [1;30mLevel 1[0m _identify(install) by extensions ['ignore', 'ignore_ament_install']
[1.799s] [34mcolcon.colcon_core.package_identification[0m [1;30mLevel 1[0m _identify(install) by extension 'ignore'
[1.801s] [34mcolcon.colcon_core.package_identification[0m [1;30mLevel 1[0m _identify(install) ignored
[1.815s] [34mcolcon.colcon_core.package_identification[0m [1;30mLevel 1[0m _identify(log) by extensions ['ignore', 'ignore_ament_install']
[1.817s] [34mcolcon.colcon_core.package_identification[0m [1;30mLevel 1[0m _identify(log) by extension 'ignore'
[1.818s] [34mcolcon.colcon_core.package_identification[0m [1;30mLevel 1[0m _identify(log) ignored
[1.822s] [34mcolcon.colcon_core.package_identification[0m [1;30mLevel 1[0m _identify(my_package) by extensions ['ignore', 'ignore_ament_install']
[1.824s] [34mcolcon.colcon_core.package_identification[0m [1;30mLevel 1[0m _identify(my_package) by extension 'ignore'
[1.827s] [34mcolcon.colcon_core.package_identification[0m [1;30mLevel 1[0m _identify(my_package) by extension 'ignore_ament_install'
[1.831s] [34mcolcon.colcon_core.package_identification[0m [1;30mLevel 1[0m _identify(my_package) by extensions ['colcon_pkg']
[1.832s] [34mcolcon.colcon_core.package_identification[0m [1;30mLevel 1[0m _identify(my_package) by extension 'colcon_pkg'
[1.835s] [34mcolcon.colcon_core.package_identification[0m [1;30mLevel 1[0m _identify(my_package) by extensions ['colcon_meta']
[1.836s] [34mcolcon.colcon_core.package_identification[0m [1;30mLevel 1[0m _identify(my_package) by extension 'colcon_meta'
[1.838s] [34mcolcon.colcon_core.package_identification[0m [1;30mLevel 1[0m _identify(my_package) by extensions ['ros']
[1.839s] [34mcolcon.colcon_core.package_identification[0m [1;30mLevel 1[0m _identify(my_package) by extension 'ros'
[1.858s] [34mcolcon.colcon_core.package_identification[0m [1;30mDEBUG[0m [32mPackage 'my_package' with type 'ros.ament_python' and name 'my_package'[0m
[1.860s] [34mcolcon.colcon_core.package_identification[0m [1;30mLevel 1[0m _identify(project_package) by extensions ['ignore', 'ignore_ament_install']
[1.861s] [34mcolcon.colcon_core.package_identification[0m [1;30mLevel 1[0m _identify(project_package) by extension 'ignore'
[1.864s] [34mcolcon.colcon_core.package_identification[0m [1;30mLevel 1[0m _identify(project_package) by extension 'ignore_ament_install'
[1.867s] [34mcolcon.colcon_core.package_identification[0m [1;30mLevel 1[0m _identify(project_package) by extensions ['colcon_pkg']
[1.869s] [34mcolcon.colcon_core.package_identification[0m [1;30mLevel 1[0m _identify(project_package) by extension 'colcon_pkg'
[1.871s] [34mcolcon.colcon_core.package_identification[0m [1;30mLevel 1[0m _identify(project_package) by extensions ['colcon_meta']
[1.872s] [34mcolcon.colcon_core.package_identification[0m [1;30mLevel 1[0m _identify(project_package) by extension 'colcon_meta'
[1.874s] [34mcolcon.colcon_core.package_identification[0m [1;30mLevel 1[0m _identify(project_package) by extensions ['ros']
[1.875s] [34mcolcon.colcon_core.package_identification[0m [1;30mLevel 1[0m _identify(project_package) by extension 'ros'
[1.884s] [34mcolcon.colcon_core.package_identification[0m [1;30mDEBUG[0m [32mPackage 'project_package' with type 'ros.ament_python' and name 'project_package'[0m
[1.888s] [34mcolcon.colcon_core.package_identification[0m [1;30mLevel 1[0m _identify(ros_tutorials) by extensions ['ignore', 'ignore_ament_install']
[1.889s] [34mcolcon.colcon_core.package_identification[0m [1;30mLevel 1[0m _identify(ros_tutorials) by extension 'ignore'
[1.892s] [34mcolcon.colcon_core.package_identification[0m [1;30mLevel 1[0m _identify(ros_tutorials) by extension 'ignore_ament_install'
[1.896s] [34mcolcon.colcon_core.package_identification[0m [1;30mLevel 1[0m _identify(ros_tutorials) by extensions ['colcon_pkg']
[1.900s] [34mcolcon.colcon_core.package_identification[0m [1;30mLevel 1[0m _identify(ros_tutorials) by extension 'colcon_pkg'
[1.903s] [34mcolcon.colcon_core.package_identification[0m [1;30mLevel 1[0m _identify(ros_tutorials) by extensions ['colcon_meta']
[1.904s] [34mcolcon.colcon_core.package_identification[0m [1;30mLevel 1[0m _identify(ros_tutorials) by extension 'colcon_meta'
[1.905s] [34mcolcon.colcon_core.package_identification[0m [1;30mLevel 1[0m _identify(ros_tutorials) by extensions ['ros']
[1.906s] [34mcolcon.colcon_core.package_identification[0m [1;30mLevel 1[0m _identify(ros_tutorials) by extension 'ros'
[1.912s] [34mcolcon.colcon_core.package_identification[0m [1;30mLevel 1[0m _identify(ros_tutorials) by extensions ['cmake', 'python']
[1.913s] [34mcolcon.colcon_core.package_identification[0m [1;30mLevel 1[0m _identify(ros_tutorials) by extension 'cmake'
[1.915s] [34mcolcon.colcon_core.package_identification[0m [1;30mLevel 1[0m _identify(ros_tutorials) by extension 'python'
[1.918s] [34mcolcon.colcon_core.package_identification[0m [1;30mLevel 1[0m _identify(ros_tutorials) by extensions ['python_setup_py']
[1.919s] [34mcolcon.colcon_core.package_identification[0m [1;30mLevel 1[0m _identify(ros_tutorials) by extension 'python_setup_py'
[1.923s] [34mcolcon.colcon_core.package_identification[0m [1;30mLevel 1[0m _identify(ros_tutorials/ros_tutorials) by extensions ['ignore', 'ignore_ament_install']
[1.925s] [34mcolcon.colcon_core.package_identification[0m [1;30mLevel 1[0m _identify(ros_tutorials/ros_tutorials) by extension 'ignore'
[1.927s] [34mcolcon.colcon_core.package_identification[0m [1;30mLevel 1[0m _identify(ros_tutorials/ros_tutorials) ignored
[1.931s] [34mcolcon.colcon_core.package_identification[0m [1;30mLevel 1[0m _identify(ros_tutorials/roscpp_tutorials) by extensions ['ignore', 'ignore_ament_install']
[1.933s] [34mcolcon.colcon_core.package_identification[0m [1;30mLevel 1[0m _identify(ros_tutorials/roscpp_tutorials) by extension 'ignore'
[1.935s] [34mcolcon.colcon_core.package_identification[0m [1;30mLevel 1[0m _identify(ros_tutorials/roscpp_tutorials) ignored
[1.939s] [34mcolcon.colcon_core.package_identification[0m [1;30mLevel 1[0m _identify(ros_tutorials/rospy_tutorials) by extensions ['ignore', 'ignore_ament_install']
[1.941s] [34mcolcon.colcon_core.package_identification[0m [1;30mLevel 1[0m _identify(ros_tutorials/rospy_tutorials) by extension 'ignore'
[1.945s] [34mcolcon.colcon_core.package_identification[0m [1;30mLevel 1[0m _identify(ros_tutorials/rospy_tutorials) ignored
[1.949s] [34mcolcon.colcon_core.package_identification[0m [1;30mLevel 1[0m _identify(ros_tutorials/turtlesim) by extensions ['ignore', 'ignore_ament_install']
[1.951s] [34mcolcon.colcon_core.package_identification[0m [1;30mLevel 1[0m _identify(ros_tutorials/turtlesim) by extension 'ignore'
[1.956s] [34mcolcon.colcon_core.package_identification[0m [1;30mLevel 1[0m _identify(ros_tutorials/turtlesim) by extension 'ignore_ament_install'
[1.967s] [34mcolcon.colcon_core.package_identification[0m [1;30mLevel 1[0m _identify(ros_tutorials/turtlesim) by extensions ['colcon_pkg']
[1.969s] [34mcolcon.colcon_core.package_identification[0m [1;30mLevel 1[0m _identify(ros_tutorials/turtlesim) by extension 'colcon_pkg'
[1.975s] [34mcolcon.colcon_core.package_identification[0m [1;30mLevel 1[0m _identify(ros_tutorials/turtlesim) by extensions ['colcon_meta']
[1.978s] [34mcolcon.colcon_core.package_identification[0m [1;30mLevel 1[0m _identify(ros_tutorials/turtlesim) by extension 'colcon_meta'
[1.980s] [34mcolcon.colcon_core.package_identification[0m [1;30mLevel 1[0m _identify(ros_tutorials/turtlesim) by extensions ['ros']
[1.984s] [34mcolcon.colcon_core.package_identification[0m [1;30mLevel 1[0m _identify(ros_tutorials/turtlesim) by extension 'ros'
[2.006s] [34mcolcon.colcon_core.package_identification[0m [1;30mDEBUG[0m [32mPackage 'ros_tutorials/turtlesim' with type 'ros.ament_cmake' and name 'turtlesim'[0m
[2.014s] [34mcolcon.colcon_core.package_identification[0m [1;30mLevel 1[0m _identify(traffic_light_interfaces) by extensions ['ignore', 'ignore_ament_install']
[2.016s] [34mcolcon.colcon_core.package_identification[0m [1;30mLevel 1[0m _identify(traffic_light_interfaces) by extension 'ignore'
[2.020s] [34mcolcon.colcon_core.package_identification[0m [1;30mLevel 1[0m _identify(traffic_light_interfaces) by extension 'ignore_ament_install'
[2.025s] [34mcolcon.colcon_core.package_identification[0m [1;30mLevel 1[0m _identify(traffic_light_interfaces) by extensions ['colcon_pkg']
[2.027s] [34mcolcon.colcon_core.package_identification[0m [1;30mLevel 1[0m _identify(traffic_light_interfaces) by extension 'colcon_pkg'
[2.030s] [34mcolcon.colcon_core.package_identification[0m [1;30mLevel 1[0m _identify(traffic_light_interfaces) by extensions ['colcon_meta']
[2.032s] [34mcolcon.colcon_core.package_identification[0m [1;30mLevel 1[0m _identify(traffic_light_interfaces) by extension 'colcon_meta'
[2.034s] [34mcolcon.colcon_core.package_identification[0m [1;30mLevel 1[0m _identify(traffic_light_interfaces) by extensions ['ros']
[2.035s] [34mcolcon.colcon_core.package_identification[0m [1;30mLevel 1[0m _identify(traffic_light_interfaces) by extension 'ros'
[2.051s] [34mcolcon.colcon_core.package_identification[0m [1;30mDEBUG[0m [32mPackage 'traffic_light_interfaces' with type 'ros.ament_cmake' and name 'traffic_light_interfaces'[0m
[2.052s] [34mcolcon.colcon_core.package_discovery[0m [1;30mLevel 1[0m discover_packages(recursive) using defaults
[2.054s] [34mcolcon.colcon_core.package_discovery[0m [1;30mLevel 1[0m discover_packages(ignore) discover
[2.055s] [34mcolcon.colcon_core.package_discovery[0m [1;30mLevel 1[0m discover_packages(ignore) using defaults
[2.057s] [34mcolcon.colcon_core.package_discovery[0m [1;30mLevel 1[0m discover_packages(path) discover
[2.058s] [34mcolcon.colcon_core.package_discovery[0m [1;30mLevel 1[0m discover_packages(path) using defaults
[2.162s] [34mcolcon.colcon_core.package_selection[0m [1;30mINFO[0m Skipping not selected package 'my_package' in 'my_package'
[2.164s] [34mcolcon.colcon_core.package_selection[0m [1;30mINFO[0m Skipping not selected package 'project_package' in 'project_package'
[2.165s] [34mcolcon.colcon_core.package_selection[0m [1;30mINFO[0m Skipping not selected package 'turtlesim' in 'ros_tutorials/turtlesim'
[2.168s] [34mcolcon.colcon_core.package_discovery[0m [1;30mLevel 1[0m discover_packages(prefix_path) check parameters
[2.170s] [34mcolcon.colcon_core.package_discovery[0m [1;30mLevel 1[0m discover_packages(prefix_path) discover
[2.182s] [34mcolcon.colcon_installed_package_information.package_discovery[0m [1;30mDEBUG[0m [32mFound 261 installed packages in /opt/ros/foxy[0m
[2.193s] [34mcolcon.colcon_core.package_discovery[0m [1;30mLevel 1[0m discover_packages(prefix_path) using defaults
[2.387s] [34mcolcon.colcon_core.verb[0m [1;30mLevel 5[0m set package 'traffic_light_interfaces' build argument 'cmake_args' from command line to 'None'
[2.388s] [34mcolcon.colcon_core.verb[0m [1;30mLevel 5[0m set package 'traffic_light_interfaces' build argument 'cmake_target' from command line to 'None'
[2.389s] [34mcolcon.colcon_core.verb[0m [1;30mLevel 5[0m set package 'traffic_light_interfaces' build argument 'cmake_target_skip_unavailable' from command line to 'False'
[2.390s] [34mcolcon.colcon_core.verb[0m [1;30mLevel 5[0m set package 'traffic_light_interfaces' build argument 'cmake_clean_cache' from command line to 'False'
[2.391s] [34mcolcon.colcon_core.verb[0m [1;30mLevel 5[0m set package 'traffic_light_interfaces' build argument 'cmake_clean_first' from command line to 'False'
[2.393s] [34mcolcon.colcon_core.verb[0m [1;30mLevel 5[0m set package 'traffic_light_interfaces' build argument 'cmake_force_configure' from command line to 'False'
[2.394s] [34mcolcon.colcon_core.verb[0m [1;30mLevel 5[0m set package 'traffic_light_interfaces' build argument 'ament_cmake_args' from command line to 'None'
[2.395s] [34mcolcon.colcon_core.verb[0m [1;30mLevel 5[0m set package 'traffic_light_interfaces' build argument 'catkin_cmake_args' from command line to 'None'
[2.396s] [34mcolcon.colcon_core.verb[0m [1;30mLevel 5[0m set package 'traffic_light_interfaces' build argument 'catkin_skip_building_tests' from command line to 'False'
[2.397s] [34mcolcon.colcon_core.verb[0m [1;30mDEBUG[0m [32mBuilding package 'traffic_light_interfaces' with the following arguments: {'ament_cmake_args': None, 'build_base': '/root/rootfs/ros2_ws/src/build/traffic_light_interfaces', 'catkin_cmake_args': None, 'catkin_skip_building_tests': False, 'cmake_args': None, 'cmake_clean_cache': False, 'cmake_clean_first': False, 'cmake_force_configure': False, 'cmake_target': None, 'cmake_target_skip_unavailable': False, 'install_base': '/root/rootfs/ros2_ws/src/install/traffic_light_interfaces', 'merge_install': False, 'path': '/root/rootfs/ros2_ws/src/traffic_light_interfaces', 'symlink_install': False, 'test_result_base': None}[0m
[2.400s] [34mcolcon.colcon_core.executor[0m [1;30mINFO[0m Executing jobs using 'parallel' executor
[2.411s] [34mcolcon.colcon_parallel_executor.executor.parallel[0m [1;30mDEBUG[0m [32mrun_until_complete[0m
[2.415s] [34mcolcon.colcon_ros.task.ament_cmake.build[0m [1;30mINFO[0m Building ROS package in '/root/rootfs/ros2_ws/src/traffic_light_interfaces' with build type 'ament_cmake'
[2.419s] [34mcolcon.colcon_cmake.task.cmake.build[0m [1;30mINFO[0m Building CMake package in '/root/rootfs/ros2_ws/src/traffic_light_interfaces'
[2.456s] [34mcolcon.colcon_core.plugin_system[0m [1;30mINFO[0m Skipping extension 'colcon_core.shell.bat': Not used on non-Windows systems
[2.458s] [34mcolcon.colcon_core.shell[0m [1;30mINFO[0m Skip shell extension 'powershell' for command environment: Not usable outside of PowerShell
[2.460s] [34mcolcon.colcon_core.shell[0m [1;30mDEBUG[0m [32mSkip shell extension 'dsv' for command environment[0m
[2.758s] [34mcolcon.colcon_core.event_handler.log_command[0m [1;30mDEBUG[0m [32mInvoking command in '/root/rootfs/ros2_ws/src/build/traffic_light_interfaces': CMAKE_PREFIX_PATH=/opt/ros/foxy /usr/bin/cmake /root/rootfs/ros2_ws/src/traffic_light_interfaces -DCMAKE_INSTALL_PREFIX=/root/rootfs/ros2_ws/src/install/traffic_light_interfaces[0m
[21.272s] [34mcolcon.colcon_core.event_handler.log_command[0m [1;30mDEBUG[0m [32mInvoked command in '/root/rootfs/ros2_ws/src/build/traffic_light_interfaces' returned '0': CMAKE_PREFIX_PATH=/opt/ros/foxy /usr/bin/cmake /root/rootfs/ros2_ws/src/traffic_light_interfaces -DCMAKE_INSTALL_PREFIX=/root/rootfs/ros2_ws/src/install/traffic_light_interfaces[0m
[21.290s] [34mcolcon.colcon_core.event_handler.log_command[0m [1;30mDEBUG[0m [32mInvoking command in '/root/rootfs/ros2_ws/src/build/traffic_light_interfaces': CMAKE_PREFIX_PATH=/opt/ros/foxy /usr/bin/cmake --build /root/rootfs/ros2_ws/src/build/traffic_light_interfaces -- -j2 -l2[0m
[87.760s] [34mcolcon.colcon_core.event_handler.log_command[0m [1;30mDEBUG[0m [32mInvoked command in '/root/rootfs/ros2_ws/src/build/traffic_light_interfaces' returned '0': CMAKE_PREFIX_PATH=/opt/ros/foxy /usr/bin/cmake --build /root/rootfs/ros2_ws/src/build/traffic_light_interfaces -- -j2 -l2[0m
[88.092s] [34mcolcon.colcon_core.event_handler.log_command[0m [1;30mDEBUG[0m [32mInvoking command in '/root/rootfs/ros2_ws/src/build/traffic_light_interfaces': CMAKE_PREFIX_PATH=/opt/ros/foxy /usr/bin/cmake --install /root/rootfs/ros2_ws/src/build/traffic_light_interfaces[0m
[95.717s] [34mcolcon.colcon_core.environment[0m [1;30mLevel 1[0m create_environment_scripts_only(traffic_light_interfaces)
[95.731s] [34mcolcon.colcon_core.event_handler.log_command[0m [1;30mDEBUG[0m [32mInvoked command in '/root/rootfs/ros2_ws/src/build/traffic_light_interfaces' returned '0': CMAKE_PREFIX_PATH=/opt/ros/foxy /usr/bin/cmake --install /root/rootfs/ros2_ws/src/build/traffic_light_interfaces[0m
[95.756s] [34mcolcon.colcon_core.environment[0m [1;30mLevel 1[0m checking '/root/rootfs/ros2_ws/src/install/traffic_light_interfaces' for CMake module files
[95.853s] [34mcolcon.colcon_core.environment[0m [1;30mLevel 1[0m checking '/root/rootfs/ros2_ws/src/install/traffic_light_interfaces' for CMake config files
[95.928s] [34mcolcon.colcon_core.shell[0m [1;30mLevel 1[0m create_environment_hook('traffic_light_interfaces', 'cmake_prefix_path')
[95.932s] [34mcolcon.colcon_core.shell[0m [1;30mINFO[0m Creating environment hook '/root/rootfs/ros2_ws/src/install/traffic_light_interfaces/share/traffic_light_interfaces/hook/cmake_prefix_path.ps1'
[95.945s] [34mcolcon.colcon_core.shell[0m [1;30mINFO[0m Creating environment descriptor '/root/rootfs/ros2_ws/src/install/traffic_light_interfaces/share/traffic_light_interfaces/hook/cmake_prefix_path.dsv'
[95.958s] [34mcolcon.colcon_core.shell[0m [1;30mINFO[0m Creating environment hook '/root/rootfs/ros2_ws/src/install/traffic_light_interfaces/share/traffic_light_interfaces/hook/cmake_prefix_path.sh'
[95.979s] [34mcolcon.colcon_core.environment[0m [1;30mLevel 1[0m checking '/root/rootfs/ros2_ws/src/install/traffic_light_interfaces/lib'
[95.984s] [34mcolcon.colcon_core.shell[0m [1;30mLevel 1[0m create_environment_hook('traffic_light_interfaces', 'ld_library_path_lib')
[95.990s] [34mcolcon.colcon_core.shell[0m [1;30mINFO[0m Creating environment hook '/root/rootfs/ros2_ws/src/install/traffic_light_interfaces/share/traffic_light_interfaces/hook/ld_library_path_lib.ps1'
[96.006s] [34mcolcon.colcon_core.shell[0m [1;30mINFO[0m Creating environment descriptor '/root/rootfs/ros2_ws/src/install/traffic_light_interfaces/share/traffic_light_interfaces/hook/ld_library_path_lib.dsv'
[96.021s] [34mcolcon.colcon_core.shell[0m [1;30mINFO[0m Creating environment hook '/root/rootfs/ros2_ws/src/install/traffic_light_interfaces/share/traffic_light_interfaces/hook/ld_library_path_lib.sh'
[96.033s] [34mcolcon.colcon_core.environment[0m [1;30mLevel 1[0m checking '/root/rootfs/ros2_ws/src/install/traffic_light_interfaces/bin'
[96.036s] [34mcolcon.colcon_core.environment[0m [1;30mLevel 1[0m checking '/root/rootfs/ros2_ws/src/install/traffic_light_interfaces/lib/pkgconfig/traffic_light_interfaces.pc'
[96.040s] [34mcolcon.colcon_core.environment[0m [1;30mLevel 1[0m checking '/root/rootfs/ros2_ws/src/install/traffic_light_interfaces/lib/python3.8/site-packages'
[96.043s] [34mcolcon.colcon_core.shell[0m [1;30mLevel 1[0m create_environment_hook('traffic_light_interfaces', 'pythonpath')
[96.049s] [34mcolcon.colcon_core.shell[0m [1;30mINFO[0m Creating environment hook '/root/rootfs/ros2_ws/src/install/traffic_light_interfaces/share/traffic_light_interfaces/hook/pythonpath.ps1'
[96.062s] [34mcolcon.colcon_core.shell[0m [1;30mINFO[0m Creating environment descriptor '/root/rootfs/ros2_ws/src/install/traffic_light_interfaces/share/traffic_light_interfaces/hook/pythonpath.dsv'
[96.074s] [34mcolcon.colcon_core.shell[0m [1;30mINFO[0m Creating environment hook '/root/rootfs/ros2_ws/src/install/traffic_light_interfaces/share/traffic_light_interfaces/hook/pythonpath.sh'
[96.086s] [34mcolcon.colcon_core.environment[0m [1;30mLevel 1[0m checking '/root/rootfs/ros2_ws/src/install/traffic_light_interfaces/bin'
[96.096s] [34mcolcon.colcon_core.shell[0m [1;30mINFO[0m Creating package script '/root/rootfs/ros2_ws/src/install/traffic_light_interfaces/share/traffic_light_interfaces/package.ps1'
[96.110s] [34mcolcon.colcon_core.shell[0m [1;30mINFO[0m Creating package descriptor '/root/rootfs/ros2_ws/src/install/traffic_light_interfaces/share/traffic_light_interfaces/package.dsv'
[96.119s] [34mcolcon.colcon_core.shell[0m [1;30mINFO[0m Creating package script '/root/rootfs/ros2_ws/src/install/traffic_light_interfaces/share/traffic_light_interfaces/package.sh'
[96.134s] [34mcolcon.colcon_core.shell[0m [1;30mINFO[0m Creating package script '/root/rootfs/ros2_ws/src/install/traffic_light_interfaces/share/traffic_light_interfaces/package.bash'
[96.151s] [34mcolcon.colcon_core.shell[0m [1;30mINFO[0m Creating package script '/root/rootfs/ros2_ws/src/install/traffic_light_interfaces/share/traffic_light_interfaces/package.zsh'
[96.164s] [34mcolcon.colcon_core.environment[0m [1;30mLevel 1[0m create_file_with_runtime_dependencies(/root/rootfs/ros2_ws/src/install/traffic_light_interfaces/share/colcon-core/packages/traffic_light_interfaces)
[96.516s] [34mcolcon.colcon_core.environment[0m [1;30mLevel 1[0m create_environment_scripts_only(traffic_light_interfaces)
[96.523s] [34mcolcon.colcon_core.environment[0m [1;30mLevel 1[0m checking '/root/rootfs/ros2_ws/src/install/traffic_light_interfaces' for CMake module files
[96.557s] [34mcolcon.colcon_core.environment[0m [1;30mLevel 1[0m checking '/root/rootfs/ros2_ws/src/install/traffic_light_interfaces' for CMake config files
[96.589s] [34mcolcon.colcon_core.shell[0m [1;30mLevel 1[0m create_environment_hook('traffic_light_interfaces', 'cmake_prefix_path')
[96.593s] [34mcolcon.colcon_core.shell[0m [1;30mINFO[0m Creating environment hook '/root/rootfs/ros2_ws/src/install/traffic_light_interfaces/share/traffic_light_interfaces/hook/cmake_prefix_path.ps1'
[96.602s] [34mcolcon.colcon_core.shell[0m [1;30mINFO[0m Creating environment descriptor '/root/rootfs/ros2_ws/src/install/traffic_light_interfaces/share/traffic_light_interfaces/hook/cmake_prefix_path.dsv'
[96.618s] [34mcolcon.colcon_core.shell[0m [1;30mINFO[0m Creating environment hook '/root/rootfs/ros2_ws/src/install/traffic_light_interfaces/share/traffic_light_interfaces/hook/cmake_prefix_path.sh'
[96.628s] [34mcolcon.colcon_core.environment[0m [1;30mLevel 1[0m checking '/root/rootfs/ros2_ws/src/install/traffic_light_interfaces/lib'
[96.629s] [34mcolcon.colcon_core.shell[0m [1;30mLevel 1[0m create_environment_hook('traffic_light_interfaces', 'ld_library_path_lib')
[96.634s] [34mcolcon.colcon_core.shell[0m [1;30mINFO[0m Creating environment hook '/root/rootfs/ros2_ws/src/install/traffic_light_interfaces/share/traffic_light_interfaces/hook/ld_library_path_lib.ps1'
[96.643s] [34mcolcon.colcon_core.shell[0m [1;30mINFO[0m Creating environment descriptor '/root/rootfs/ros2_ws/src/install/traffic_light_interfaces/share/traffic_light_interfaces/hook/ld_library_path_lib.dsv'
[96.652s] [34mcolcon.colcon_core.shell[0m [1;30mINFO[0m Creating environment hook '/root/rootfs/ros2_ws/src/install/traffic_light_interfaces/share/traffic_light_interfaces/hook/ld_library_path_lib.sh'
[96.674s] [34mcolcon.colcon_core.environment[0m [1;30mLevel 1[0m checking '/root/rootfs/ros2_ws/src/install/traffic_light_interfaces/bin'
[96.677s] [34mcolcon.colcon_core.environment[0m [1;30mLevel 1[0m checking '/root/rootfs/ros2_ws/src/install/traffic_light_interfaces/lib/pkgconfig/traffic_light_interfaces.pc'
[96.679s] [34mcolcon.colcon_core.environment[0m [1;30mLevel 1[0m checking '/root/rootfs/ros2_ws/src/install/traffic_light_interfaces/lib/python3.8/site-packages'
[96.681s] [34mcolcon.colcon_core.shell[0m [1;30mLevel 1[0m create_environment_hook('traffic_light_interfaces', 'pythonpath')
[96.685s] [34mcolcon.colcon_core.shell[0m [1;30mINFO[0m Creating environment hook '/root/rootfs/ros2_ws/src/install/traffic_light_interfaces/share/traffic_light_interfaces/hook/pythonpath.ps1'
[96.694s] [34mcolcon.colcon_core.shell[0m [1;30mINFO[0m Creating environment descriptor '/root/rootfs/ros2_ws/src/install/traffic_light_interfaces/share/traffic_light_interfaces/hook/pythonpath.dsv'
[96.704s] [34mcolcon.colcon_core.shell[0m [1;30mINFO[0m Creating environment hook '/root/rootfs/ros2_ws/src/install/traffic_light_interfaces/share/traffic_light_interfaces/hook/pythonpath.sh'
[96.716s] [34mcolcon.colcon_core.environment[0m [1;30mLevel 1[0m checking '/root/rootfs/ros2_ws/src/install/traffic_light_interfaces/bin'
[96.724s] [34mcolcon.colcon_core.shell[0m [1;30mINFO[0m Creating package script '/root/rootfs/ros2_ws/src/install/traffic_light_interfaces/share/traffic_light_interfaces/package.ps1'
[96.733s] [34mcolcon.colcon_core.shell[0m [1;30mINFO[0m Creating package descriptor '/root/rootfs/ros2_ws/src/install/traffic_light_interfaces/share/traffic_light_interfaces/package.dsv'
[96.741s] [34mcolcon.colcon_core.shell[0m [1;30mINFO[0m Creating package script '/root/rootfs/ros2_ws/src/install/traffic_light_interfaces/share/traffic_light_interfaces/package.sh'
[96.750s] [34mcolcon.colcon_core.shell[0m [1;30mINFO[0m Creating package script '/root/rootfs/ros2_ws/src/install/traffic_light_interfaces/share/traffic_light_interfaces/package.bash'
[96.758s] [34mcolcon.colcon_core.shell[0m [1;30mINFO[0m Creating package script '/root/rootfs/ros2_ws/src/install/traffic_light_interfaces/share/traffic_light_interfaces/package.zsh'
[96.766s] [34mcolcon.colcon_core.environment[0m [1;30mLevel 1[0m create_file_with_runtime_dependencies(/root/rootfs/ros2_ws/src/install/traffic_light_interfaces/share/colcon-core/packages/traffic_light_interfaces)
[96.774s] [34mcolcon.colcon_parallel_executor.executor.parallel[0m [1;30mDEBUG[0m [32mclosing loop[0m
[96.777s] [34mcolcon.colcon_parallel_executor.executor.parallel[0m [1;30mDEBUG[0m [32mloop closed[0m
[96.780s] [34mcolcon.colcon_parallel_executor.executor.parallel[0m [1;30mDEBUG[0m [32mrun_until_complete finished with '0'[0m
[96.782s] [34mcolcon.colcon_core.event_reactor[0m [1;30mDEBUG[0m [32mjoining thread[0m
[96.885s] [34mcolcon.colcon_core.plugin_system[0m [1;30mINFO[0m Skipping extension 'colcon_notification.desktop_notification.terminal_notifier': Not used on non-Darwin systems
[96.889s] [34mcolcon.colcon_core.plugin_system[0m [1;30mINFO[0m Skipping extension 'colcon_notification.desktop_notification.win32': Not used on non-Windows systems
[96.890s] [34mcolcon.colcon_notification.desktop_notification[0m [1;30mINFO[0m Sending desktop notification using 'notify2'
[96.928s] [34mcolcon.colcon_notification.desktop_notification.notify2[0m [1;30mDEBUG[0m [32mFailed to initialize notify2: org.freedesktop.DBus.Error.ServiceUnknown: The name org.freedesktop.Notifications was not provided by any .service files[0m
[96.933s] [34mcolcon.colcon_core.event_reactor[0m [1;30mDEBUG[0m [32mjoined thread[0m
[96.957s] [34mcolcon.colcon_core.shell[0m [1;30mINFO[0m Creating prefix script '/root/rootfs/ros2_ws/src/install/local_setup.ps1'
[96.988s] [34mcolcon.colcon_core.shell[0m [1;30mINFO[0m Creating prefix util module '/root/rootfs/ros2_ws/src/install/_local_setup_util_ps1.py'
[97.018s] [34mcolcon.colcon_core.shell[0m [1;30mINFO[0m Creating prefix chain script '/root/rootfs/ros2_ws/src/install/setup.ps1'
[97.034s] [34mcolcon.colcon_core.shell[0m [1;30mINFO[0m Creating prefix script '/root/rootfs/ros2_ws/src/install/local_setup.sh'
[97.048s] [34mcolcon.colcon_core.shell[0m [1;30mINFO[0m Creating prefix util module '/root/rootfs/ros2_ws/src/install/_local_setup_util_sh.py'
[97.063s] [34mcolcon.colcon_core.shell[0m [1;30mINFO[0m Creating prefix chain script '/root/rootfs/ros2_ws/src/install/setup.sh'
[97.081s] [34mcolcon.colcon_core.shell[0m [1;30mINFO[0m Creating prefix script '/root/rootfs/ros2_ws/src/install/local_setup.bash'
[97.104s] [34mcolcon.colcon_core.shell[0m [1;30mINFO[0m Creating prefix chain script '/root/rootfs/ros2_ws/src/install/setup.bash'
[97.126s] [34mcolcon.colcon_core.shell[0m [1;30mINFO[0m Creating prefix script '/root/rootfs/ros2_ws/src/install/local_setup.zsh'
[97.140s] [34mcolcon.colcon_core.shell[0m [1;30mINFO[0m Creating prefix chain script '/root/rootfs/ros2_ws/src/install/setup.zsh'
